<?xml version="1.0" ?>
<!DOCTYPE coverage SYSTEM "http://cobertura.sourceforge.net/xml/coverage-04.dtd">
<coverage lines-valid="90" lines-covered="42" line-rate="0.4667" branches-valid="10" branches-covered="0" branch-rate="0" timestamp="1731114297797" complexity="0" version="0.1">
  <sources>
    <source>C:\Users\david\Projects\MISW\BackVynils</source>
  </sources>
  <packages>
    <class name="album.controller.ts" filename="src\album\album.controller.ts" line-rate="0.75" branch-rate="1">
      <methods>
        <method name="(anonymous_4)" hits="2" signature="()V">
          <lines>
            <line number="9" hits="2"/>
          </lines>
        </method>
        <method name="(anonymous_5)" hits="1" signature="()V">
          <lines>
            <line number="12" hits="1"/>
          </lines>
        </method>
        <method name="(anonymous_6)" hits="0" signature="()V">
          <lines>
            <line number="17" hits="0"/>
          </lines>
        </method>
        <method name="(anonymous_7)" hits="0" signature="()V">
          <lines>
            <line number="23" hits="0"/>
          </lines>
        </method>
        <method name="(anonymous_8)" hits="0" signature="()V">
          <lines>
            <line number="28" hits="0"/>
          </lines>
        </method>
        <method name="(anonymous_9)" hits="0" signature="()V">
          <lines>
            <line number="34" hits="0"/>
          </lines>
        </method>
      </methods>
      <lines>
        <line number="1" hits="1" branch="false"/>
        <line number="2" hits="1" branch="false"/>
        <line number="3" hits="1" branch="false"/>
        <line number="5" hits="1" branch="false"/>
        <line number="8" hits="1" branch="false"/>
        <line number="9" hits="2" branch="false"/>
        <line number="12" hits="1" branch="false"/>
        <line number="13" hits="1" branch="false"/>
        <line number="17" hits="1" branch="false"/>
        <line number="18" hits="0" branch="false"/>
        <line number="23" hits="1" branch="false"/>
        <line number="24" hits="0" branch="false"/>
        <line number="28" hits="1" branch="false"/>
        <line number="29" hits="0" branch="false"/>
        <line number="34" hits="1" branch="false"/>
        <line number="35" hits="0" branch="false"/>
      </lines>
    </class>
    <class name="album.dto.ts" filename="src\album\album.dto.ts" line-rate="1" branch-rate="1">
      <methods>
      </methods>
      <lines>
        <line number="4" hits="1" branch="false"/>
      </lines>
    </class>
    <class name="album.entity.ts" filename="src\album\album.entity.ts" line-rate="0.8261" branch-rate="1">
      <methods>
        <method name="(anonymous_2)" hits="0" signature="()V">
          <lines>
            <line number="38" hits="0"/>
          </lines>
        </method>
        <method name="(anonymous_3)" hits="0" signature="()V">
          <lines>
            <line number="38" hits="0"/>
          </lines>
        </method>
        <method name="(anonymous_4)" hits="0" signature="()V">
          <lines>
            <line number="41" hits="0"/>
          </lines>
        </method>
        <method name="(anonymous_5)" hits="0" signature="()V">
          <lines>
            <line number="41" hits="0"/>
          </lines>
        </method>
        <method name="(anonymous_6)" hits="0" signature="()V">
          <lines>
            <line number="44" hits="0"/>
          </lines>
        </method>
        <method name="(anonymous_7)" hits="0" signature="()V">
          <lines>
            <line number="44" hits="0"/>
          </lines>
        </method>
        <method name="(anonymous_8)" hits="0" signature="()V">
          <lines>
            <line number="49" hits="0"/>
          </lines>
        </method>
        <method name="(anonymous_9)" hits="0" signature="()V">
          <lines>
            <line number="49" hits="0"/>
          </lines>
        </method>
      </methods>
      <lines>
        <line number="1" hits="2" branch="false"/>
        <line number="2" hits="2" branch="false"/>
        <line number="3" hits="2" branch="false"/>
        <line number="4" hits="2" branch="false"/>
        <line number="5" hits="2" branch="false"/>
        <line number="6" hits="2" branch="false"/>
        <line number="7" hits="2" branch="false"/>
        <line number="10" hits="2" branch="false"/>
        <line number="12" hits="2" branch="false"/>
        <line number="15" hits="2" branch="false"/>
        <line number="18" hits="2" branch="false"/>
        <line number="21" hits="2" branch="false"/>
        <line number="24" hits="2" branch="false"/>
        <line number="30" hits="2" branch="false"/>
        <line number="36" hits="2" branch="false"/>
        <line number="38" hits="0" branch="false"/>
        <line number="39" hits="2" branch="false"/>
        <line number="41" hits="0" branch="false"/>
        <line number="42" hits="2" branch="false"/>
        <line number="44" hits="0" branch="false"/>
        <line number="47" hits="2" branch="false"/>
        <line number="49" hits="0" branch="false"/>
        <line number="50" hits="2" branch="false"/>
      </lines>
    </class>
    <class name="album.module.ts" filename="src\album\album.module.ts" line-rate="0" branch-rate="1">
      <methods>
      </methods>
      <lines>
        <line number="1" hits="0" branch="false"/>
        <line number="2" hits="0" branch="false"/>
        <line number="3" hits="0" branch="false"/>
        <line number="4" hits="0" branch="false"/>
        <line number="5" hits="0" branch="false"/>
        <line number="12" hits="0" branch="false"/>
      </lines>
    </class>
    <class name="album.service.ts" filename="src\album\album.service.ts" line-rate="0.2273" branch-rate="0">
      <methods>
        <method name="(anonymous_4)" hits="1" signature="()V">
          <lines>
            <line number="12" hits="1"/>
          </lines>
        </method>
        <method name="(anonymous_5)" hits="0" signature="()V">
          <lines>
            <line number="17" hits="0"/>
          </lines>
        </method>
        <method name="(anonymous_6)" hits="0" signature="()V">
          <lines>
            <line number="21" hits="0"/>
          </lines>
        </method>
        <method name="(anonymous_7)" hits="0" signature="()V">
          <lines>
            <line number="29" hits="0"/>
          </lines>
        </method>
        <method name="(anonymous_8)" hits="0" signature="()V">
          <lines>
            <line number="47" hits="0"/>
          </lines>
        </method>
        <method name="(anonymous_9)" hits="0" signature="()V">
          <lines>
            <line number="70" hits="0"/>
          </lines>
        </method>
      </methods>
      <lines>
        <line number="1" hits="2" branch="false"/>
        <line number="2" hits="2" branch="false"/>
        <line number="3" hits="2" branch="false"/>
        <line number="4" hits="2" branch="false"/>
        <line number="6" hits="2" branch="false"/>
        <line number="7" hits="2" branch="false"/>
        <line number="8" hits="2" branch="false"/>
        <line number="11" hits="2" branch="false"/>
        <line number="14" hits="1" branch="false"/>
        <line number="18" hits="0" branch="false"/>
        <line number="22" hits="0" branch="false"/>
        <line number="23" hits="0" branch="true" condition-coverage="0% (0/2)"/>
        <line number="24" hits="0" branch="false"/>
        <line number="26" hits="0" branch="false"/>
        <line number="30" hits="0" branch="false"/>
        <line number="32" hits="0" branch="true" condition-coverage="0% (0/2)"/>
        <line number="33" hits="0" branch="false"/>
        <line number="35" hits="0" branch="false"/>
        <line number="36" hits="0" branch="false"/>
        <line number="37" hits="0" branch="false"/>
        <line number="38" hits="0" branch="false"/>
        <line number="39" hits="0" branch="false"/>
        <line number="40" hits="0" branch="false"/>
        <line number="41" hits="0" branch="false"/>
        <line number="43" hits="0" branch="false"/>
        <line number="49" hits="0" branch="false"/>
        <line number="50" hits="0" branch="true" condition-coverage="0% (0/2)"/>
        <line number="51" hits="0" branch="false"/>
        <line number="53" hits="0" branch="false"/>
        <line number="55" hits="0" branch="true" condition-coverage="0% (0/2)"/>
        <line number="56" hits="0" branch="false"/>
        <line number="58" hits="0" branch="false"/>
        <line number="59" hits="0" branch="false"/>
        <line number="60" hits="0" branch="false"/>
        <line number="61" hits="0" branch="false"/>
        <line number="62" hits="0" branch="false"/>
        <line number="63" hits="0" branch="false"/>
        <line number="64" hits="0" branch="false"/>
        <line number="65" hits="0" branch="false"/>
        <line number="71" hits="0" branch="false"/>
        <line number="72" hits="0" branch="true" condition-coverage="0% (0/2)"/>
        <line number="73" hits="0" branch="false"/>
        <line number="75" hits="0" branch="false"/>
        <line number="78" hits="1" branch="false"/>
      </lines>
    </class>
  </packages>
</coverage>
